SU  0    0.027536
SU  1    0.027390
SU  2    0.068123
SU  3    0.074495
SU  4    0.233810
SU  5    0.072424
SU  6    0.010659
SU  7    0.013100
SU  8    -0.001744
SU  9    0.365337
Sum      0.49
SU  0,  1   0.009700
SU  0,  2   0.000503
SU  0,  3   -0.000345
SU  0,  4   0.004794
SU  0,  5   0.001515
SU  0,  6   0.001009
SU  0,  7   0.000938 
SU  0,  8   0.001337
SU  0,  9   -0.001343
SU  1,  2   0.000707
SU  1,  3   0.001662 
SU  1,  4   0.001970
SU  1,  5   0.001401
SU  1,  6   0.001265
SU  1,  7   0.001685
SU  1,  8   0.002086
SU  1,  9   0.000234
SU  2,  3   0.013436
SU  2,  4   -0.002036 
SU  2,  5   0.000080
SU  2,  6   -0.002019
SU  2,  7   -0.000230
SU  2,  8   -0.001670
SU  2,  9   -0.000724
SU  3,  4   0.003389
SU  3,  5   0.004025
SU  3,  6   0.001443
SU  3,  7   0.002718
SU  3,  8   0.002131
SU  3,  9   0.002591
SU  4,  5   0.023142
SU  4,  6   0.000116
SU  4,  7   0.000041
SU  4,  8   -0.000066
SU  4,  9   0.004625 
SU  5,  6   -0.002982
SU  5,  7   -0.004505
SU  5,  8   -0.000910
SU  5,  9   -0.001108
SU  6,  7   0.009306
SU  6,  8   -0.000105
SU  6,  9   0.000152 
SU  7,  8   0.005497
SU  7,  9   0.004858
SU  8,  9   0.011883
0  0.027536  0.042167
1  0.027390  0.042478
2  0.068213  0.087722
3  0.074495  0.099351
4  0.233810  0.268257
5  0.072424  0.102204
6  0.010659  0.024947
7  0.013100  0.029247
8 -0.001744  0.018260
9  0.365337  0.389913